<?xml version="1.0" encoding="UTF-8"?>
<testng-results ignored="0" total="1" passed="1" failed="0" skipped="0">
  <reporter-output>
  </reporter-output>
  <suite started-at="2022-02-01T15:57:01Z" name="Default suite" finished-at="2022-02-01T15:57:32Z" duration-ms="31723">
    <groups>
    </groups>
    <test started-at="2022-02-01T15:57:01Z" name="Default test" finished-at="2022-02-01T15:57:32Z" duration-ms="31723">
      <class name="ScreenShotTest">
        <test-method is-config="true" signature="setup()[pri:0, instance:ScreenShotTest@21129f1f]" started-at="2022-02-01T15:57:01Z" name="setup" finished-at="2022-02-01T15:57:25Z" duration-ms="24063" status="PASS">
          <reporter-output>
          </reporter-output>
        </test-method> <!-- setup -->
        <test-method signature="testCase1()[pri:0, instance:ScreenShotTest@21129f1f]" started-at="2022-02-01T15:57:25Z" name="testCase1" finished-at="2022-02-01T15:57:28Z" duration-ms="3284" status="PASS">
          <reporter-output>
          </reporter-output>
        </test-method> <!-- testCase1 -->
        <test-method is-config="true" signature="tearDown()[pri:0, instance:ScreenShotTest@21129f1f]" started-at="2022-02-01T15:57:28Z" name="tearDown" finished-at="2022-02-01T15:57:32Z" duration-ms="4348" status="PASS">
          <reporter-output>
          </reporter-output>
        </test-method> <!-- tearDown -->
      </class> <!-- ScreenShotTest -->
    </test> <!-- Default test -->
  </suite> <!-- Default suite -->
</testng-results>
